  BoxCollider.cpp
  CapsuleCollider.cpp
  Collider.cpp
C:\Users\PC-2\Desktop\졸작\physx\sim\sim\Collider.cpp(100,23): warning C4267: '=': 'size_t'에서 'int'(으)로 변환하면서 데이터가 손실될 수 있습니다.
C:\Users\PC-2\Desktop\졸작\physx\sim\sim\Collider.cpp(107,39): warning C4267: '=': 'size_t'에서 'int'(으)로 변환하면서 데이터가 손실될 수 있습니다.
  CollisionPairInfo.cpp
  ControllerManagerWrapper.cpp
  ControllerWrapper.cpp
C:\Users\PC-2\Desktop\졸작\physx\sim\sim\ControllerWrapper.cpp(46,48): warning C4305: '인수': 'double'에서 'float'(으)로 잘립니다.
C:\Users\PC-2\Desktop\졸작\physx\sim\sim\ControllerWrapper.cpp(191,85): warning C4244: '인수': 'physx::PxExtended'에서 'float'(으)로 변환하면서 데이터가 손실될 수 있습니다.
C:\Users\PC-2\Desktop\졸작\physx\sim\sim\ControllerWrapper.cpp(191,63): warning C4244: '인수': 'physx::PxExtended'에서 'float'(으)로 변환하면서 데이터가 손실될 수 있습니다.
C:\Users\PC-2\Desktop\졸작\physx\sim\sim\ControllerWrapper.cpp(191,42): warning C4244: '인수': 'physx::PxExtended'에서 'float'(으)로 변환하면서 데이터가 손실될 수 있습니다.
C:\Users\PC-2\Desktop\졸작\physx\sim\sim\ControllerWrapper.cpp(261,94): warning C4244: '인수': 'physx::PxExtended'에서 'float'(으)로 변환하면서 데이터가 손실될 수 있습니다.
C:\Users\PC-2\Desktop\졸작\physx\sim\sim\ControllerWrapper.cpp(261,63): warning C4244: '인수': 'physx::PxExtended'에서 'float'(으)로 변환하면서 데이터가 손실될 수 있습니다.
C:\Users\PC-2\Desktop\졸작\physx\sim\sim\ControllerWrapper.cpp(261,42): warning C4244: '인수': 'physx::PxExtended'에서 'float'(으)로 변환하면서 데이터가 손실될 수 있습니다.
  CustomQueryFilterCallback.cpp
  InputDevice.cpp
  MySimulationEventCallback.cpp
  PhysDevice.cpp
  PhysQuery.cpp
  PhysicsRay.cpp
  Player.cpp
  RaycastHit.cpp
  RigidBody.cpp
  SphereCollider.cpp
  sim.cpp
  코드를 생성하고 있습니다...
  sim.vcxproj -> C:\Users\PC-2\Desktop\졸작\physx\sim\x64\Debug\sim.exe
